::1 - - [27/Mar/2024:10:10:29 +0000] "GET /home HTTP/1.1" 200 - "-" "Apifox/1.0.0 (https://www.apifox.cn)"
::1 - - [27/Mar/2024:10:11:14 +0000] "GET /home HTTP/1.1" 200 - "-" "Apifox/1.0.0 (https://www.apifox.cn)"
::1 - - [27/Mar/2024:10:18:35 +0000] "GET /shop/123 HTTP/1.1" 200 - "-" "Apifox/1.0.0 (https://www.apifox.cn)"
::1 - - [27/Mar/2024:10:18:40 +0000] "GET /shop/123 HTTP/1.1" 200 - "-" "Apifox/1.0.0 (https://www.apifox.cn)"
::1 - - [27/Mar/2024:10:19:05 +0000] "GET /use?id=123 HTTP/1.1" 404 142 "-" "Apifox/1.0.0 (https://www.apifox.cn)"
::1 - - [27/Mar/2024:10:19:22 +0000] "GET /user?id=123 HTTP/1.1" 404 143 "-" "Apifox/1.0.0 (https://www.apifox.cn)"
::1 - - [27/Mar/2024:10:19:30 +0000] "GET /user?id=123 HTTP/1.1" 404 143 "-" "Apifox/1.0.0 (https://www.apifox.cn)"
::1 - - [27/Mar/2024:10:20:19 +0000] "GET /shop HTTP/1.1" 404 143 "-" "Apifox/1.0.0 (https://www.apifox.cn)"
::1 - - [27/Mar/2024:10:20:24 +0000] "GET /shop/id HTTP/1.1" 404 146 "-" "Apifox/1.0.0 (https://www.apifox.cn)"
::1 - - [27/Mar/2024:10:20:31 +0000] "GET /shop/123/456 HTTP/1.1" 200 - "-" "Apifox/1.0.0 (https://www.apifox.cn)"
::1 - - [27/Mar/2024:10:20:37 +0000] "GET /shop/123/456 HTTP/1.1" 200 - "-" "Apifox/1.0.0 (https://www.apifox.cn)"
::1 - - [27/Mar/2024:10:20:40 +0000] "GET /shop/123 HTTP/1.1" 200 - "-" "Apifox/1.0.0 (https://www.apifox.cn)"
::1 - - [27/Mar/2024:10:20:41 +0000] "GET /shop/123 HTTP/1.1" 200 - "-" "Apifox/1.0.0 (https://www.apifox.cn)"
::1 - - [27/Mar/2024:10:20:52 +0000] "GET /shop/123 HTTP/1.1" 404 147 "-" "Apifox/1.0.0 (https://www.apifox.cn)"
::1 - - [27/Mar/2024:10:21:32 +0000] "GET /user?id=123 HTTP/1.1" 200 - "-" "Apifox/1.0.0 (https://www.apifox.cn)"
::1 - - [27/Mar/2024:11:11:17 +0000] "GET /login HTTP/1.1" 404 144 "-" "Apifox/1.0.0 (https://www.apifox.cn)"
::1 - - [27/Mar/2024:11:11:25 +0000] "POST /login HTTP/1.1" 500 1196 "-" "Apifox/1.0.0 (https://www.apifox.cn)"
::1 - - [27/Mar/2024:11:11:36 +0000] "POST /login HTTP/1.1" 200 - "-" "Apifox/1.0.0 (https://www.apifox.cn)"
::1 - - [27/Mar/2024:11:13:11 +0000] "POST /login HTTP/1.1" 200 24 "-" "Apifox/1.0.0 (https://www.apifox.cn)"
::1 - - [27/Mar/2024:11:13:17 +0000] "POST /login HTTP/1.1" 200 24 "-" "Apifox/1.0.0 (https://www.apifox.cn)"
::1 - - [27/Mar/2024:11:14:00 +0000] "POST /login HTTP/1.1" 500 1340 "-" "Apifox/1.0.0 (https://www.apifox.cn)"
::1 - - [27/Mar/2024:11:14:11 +0000] "POST /login HTTP/1.1" 500 1340 "-" "Apifox/1.0.0 (https://www.apifox.cn)"
::1 - - [27/Mar/2024:11:14:27 +0000] "POST /login HTTP/1.1" 500 1340 "-" "Apifox/1.0.0 (https://www.apifox.cn)"
::1 - - [27/Mar/2024:11:15:10 +0000] "POST /login HTTP/1.1" 500 1340 "-" "Apifox/1.0.0 (https://www.apifox.cn)"
::1 - - [27/Mar/2024:11:16:07 +0000] "POST /login HTTP/1.1" 500 1340 "-" "Apifox/1.0.0 (https://www.apifox.cn)"
::1 - - [27/Mar/2024:11:16:45 +0000] "POST /login HTTP/1.1" 200 - "-" "Apifox/1.0.0 (https://www.apifox.cn)"
::1 - - [27/Mar/2024:11:16:56 +0000] "POST /home HTTP/1.1" 404 144 "-" "Apifox/1.0.0 (https://www.apifox.cn)"
::1 - - [27/Mar/2024:11:17:02 +0000] "GET /home HTTP/1.1" 200 24 "-" "Apifox/1.0.0 (https://www.apifox.cn)"
::1 - - [27/Mar/2024:11:17:45 +0000] "GET /home HTTP/1.1" 200 53 "-" "Apifox/1.0.0 (https://www.apifox.cn)"
::1 - - [27/Mar/2024:11:19:07 +0000] "GET /home HTTP/1.1" 500 1203 "-" "Apifox/1.0.0 (https://www.apifox.cn)"
::1 - - [27/Mar/2024:11:19:15 +0000] "GET /home HTTP/1.1" 300 53 "-" "Apifox/1.0.0 (https://www.apifox.cn)"
::1 - - [27/Mar/2024:11:19:16 +0000] "GET /home HTTP/1.1" 300 53 "-" "Apifox/1.0.0 (https://www.apifox.cn)"
